Using pre-set license
Built from '2020.3/staging' branch; Version is '2020.3.6f1 (338bb68529b2) revision 3378102'; Using compiler version '192528614'; Build Type 'Release'
OS: 'Windows 10 Home Single Language; OS build 19043.928; Version 2009; 64bit' Language: 'en' Physical Memory: 8039 MB
BatchMode: 1, IsHumanControllingUs: 0, StartBugReporterOnCrash: 0, Is64bit: 1, IsPro: 0

 COMMAND LINE ARGUMENTS:
A:\Installed Applications\2020.3.6f1\Editor\Unity.exe
-adb2
-batchMode
-noUpm
-name
AssetImportWorker0
-projectPath
A:/Unity Projects/Github/Color-Road/Color Road
-logFile
Logs/AssetImportWorker0.log
-srvPort
62169
Successfully changed project path to: A:/Unity Projects/Github/Color-Road/Color Road
A:/Unity Projects/Github/Color-Road/Color Road
Using Asset Import Pipeline V2.
Refreshing native plugins compatible for Editor in 24.95 ms, found 0 plugins.
Preloading 0 native plugins for Editor in 0.00 ms.
Initialize engine version: 2020.3.6f1 (338bb68529b2)
[Subsystems] Discovering subsystems at path A:/Installed Applications/2020.3.6f1/Editor/Data/Resources/UnitySubsystems
[Subsystems] Discovering subsystems at path A:/Unity Projects/Github/Color-Road/Color Road/Assets
GfxDevice: creating device client; threaded=0
Direct3D:
    Version:  Direct3D 11.0 [level 11.1]
    Renderer: NVIDIA GeForce GTX 1050 Ti (ID=0x1c8f)
    Vendor:   
    VRAM:     4021 MB
    Driver:   26.21.14.3184
Initialize mono
Mono path[0] = 'A:/Installed Applications/2020.3.6f1/Editor/Data/Managed'
Mono path[1] = 'A:/Installed Applications/2020.3.6f1/Editor/Data/MonoBleedingEdge/lib/mono/unityjit'
Mono config path = 'A:/Installed Applications/2020.3.6f1/Editor/Data/MonoBleedingEdge/etc'
Using monoOptions --debugger-agent=transport=dt_socket,embedding=1,server=y,suspend=n,address=127.0.0.1:56444
Begin MonoManager ReloadAssembly
Registering precompiled unity dll's ...
Register platform support module: A:/Installed Applications/2020.3.6f1/Editor/Data/PlaybackEngines/WindowsStandaloneSupport/UnityEditor.WindowsStandalone.Extensions.dll
Registered in 0.000963 seconds.
Native extension for WindowsStandalone target not found
Refreshing native plugins compatible for Editor in 23.97 ms, found 0 plugins.
Preloading 0 native plugins for Editor in 0.00 ms.
Mono: successfully reloaded assembly
- Completed reload, in  2.295 seconds
Platform modules already initialized, skipping
Registering precompiled user dll's ...
Registered in 0.000477 seconds.
Begin MonoManager ReloadAssembly
Native extension for WindowsStandalone target not found
Refreshing native plugins compatible for Editor in 0.35 ms, found 0 plugins.
Preloading 0 native plugins for Editor in 0.00 ms.
Mono: successfully reloaded assembly
- Completed reload, in  0.961 seconds
Platform modules already initialized, skipping
========================================================================
Worker process is ready to serve import requests
Launched and connected shader compiler UnityShaderCompiler.exe after 0.06 seconds
Refreshing native plugins compatible for Editor in 0.42 ms, found 0 plugins.
Preloading 0 native plugins for Editor in 0.00 ms.
Unloading 1115 Unused Serialized files (Serialized files now loaded: 0)
System memory in use before: 57.1 MB.
System memory in use after: 57.1 MB.

Unloading 10 unused Assets to reduce memory usage. Loaded Objects now: 1557.
Total: 1.491800 ms (FindLiveObjects: 0.140000 ms CreateObjectMapping: 0.040300 ms MarkObjects: 1.249400 ms  DeleteObjects: 0.061300 ms)

========================================================================
Received Import Request.
  path: Assets/Scenes
  artifactKey: Guid(bb36b18b5c007bf4bb786530b1a62631) Importer(815301076,1909f56bfc062723c751e8b465ee728b)
Start importing Assets/Scenes using Guid(bb36b18b5c007bf4bb786530b1a62631) Importer(815301076,1909f56bfc062723c751e8b465ee728b)  -> (artifact id: '227f2a88e6adc4d838e2eefb2df0a1a1') in 0.010132 seconds
  Import took 0.013991 seconds .

========================================================================
Received Import Request.
  Time since last request: 0.000423 seconds.
  path: Assets/Scenes/main.unity
  artifactKey: Guid(c40d844b3dc73914d8d9676df86eb7d5) Importer(815301076,1909f56bfc062723c751e8b465ee728b)
Start importing Assets/Scenes/main.unity using Guid(c40d844b3dc73914d8d9676df86eb7d5) Importer(815301076,1909f56bfc062723c751e8b465ee728b)  -> (artifact id: 'a9067ccbbe7029769d51aa14a1bb1abd') in 0.031707 seconds
  Import took 0.034762 seconds .

AssetImportWorkerClient::OnTransportError - code=2 error=End of file
